Password: 
[Mon Oct 22 2012 18:18:25 GMT+0000 (UTC)] ERROR Application crashed with code: 1
[Mon Oct 22 2012 18:18:25 GMT+0000 (UTC)] INFO STATUS running -> starting
[Mon Oct 22 2012 18:18:25 GMT+0000 (UTC)] NOTICE Starting application on port 15418
[Mon Oct 22 2012 18:18:25 GMT+0000 (UTC)] INFO STATUS starting -> running
[Mon Oct 22 2012 18:18:25 GMT+0000 (UTC)] INFO Failed to receive keepalive! Exiting.
[Mon Oct 22 2012 18:18:34 GMT+0000 (UTC)] ERROR Application crashed with code: 1
[Mon Oct 22 2012 18:18:34 GMT+0000 (UTC)] INFO STATUS running -> starting
[Mon Oct 22 2012 18:18:34 GMT+0000 (UTC)] INFO STATUS starting -> running
[Mon Oct 22 2012 18:18:34 GMT+0000 (UTC)] NOTICE Starting application on port 15418
[Mon Oct 22 2012 18:18:34 GMT+0000 (UTC)] INFO Failed to receive keepalive! Exiting.
[Mon Oct 22 2012 18:18:43 GMT+0000 (UTC)] INFO Failed to receive keepalive! Exiting.
[Mon Oct 22 2012 18:18:43 GMT+0000 (UTC)] INFO STATUS running -> waiting
[Mon Oct 22 2012 18:18:43 GMT+0000 (UTC)] ERROR Application crashed with code: 1
[Mon Oct 22 2012 18:18:54 GMT+0000 (UTC)] NOTICE Starting application on port 15418
[Mon Oct 22 2012 18:18:54 GMT+0000 (UTC)] INFO STATUS waiting -> starting
[Mon Oct 22 2012 18:18:54 GMT+0000 (UTC)] INFO STATUS starting -> running
[Mon Oct 22 2012 18:19:03 GMT+0000 (UTC)] INFO Failed to receive keepalive! Exiting.
[Mon Oct 22 2012 18:19:03 GMT+0000 (UTC)] INFO STATUS running -> waiting
[Mon Oct 22 2012 18:19:03 GMT+0000 (UTC)] ERROR Application crashed with code: 1
[Mon Oct 22 2012 18:19:28 GMT+0000 (UTC)] NOTICE Starting application on port 15418
[Mon Oct 22 2012 18:19:28 GMT+0000 (UTC)] INFO STATUS waiting -> starting
[Mon Oct 22 2012 18:19:28 GMT+0000 (UTC)] INFO STATUS starting -> running
[Mon Oct 22 2012 18:19:37 GMT+0000 (UTC)] INFO Failed to receive keepalive! Exiting.
[Mon Oct 22 2012 18:19:37 GMT+0000 (UTC)] INFO STATUS running -> waiting
[Mon Oct 22 2012 18:19:37 GMT+0000 (UTC)] ERROR Application crashed with code: 1
[Mon Oct 22 2012 18:20:47 GMT+0000 (UTC)] NOTICE Starting application on port 15418
[Mon Oct 22 2012 18:20:47 GMT+0000 (UTC)] INFO STATUS waiting -> starting
[Mon Oct 22 2012 18:20:47 GMT+0000 (UTC)] INFO STATUS starting -> running
[Mon Oct 22 2012 18:20:47 GMT+0000 (UTC)] INFO Server start...5
[Mon Oct 22 2012 18:20:47 GMT+0000 (UTC)] INFO LISTENING
[Mon Oct 22 2012 18:27:11 GMT+0000 (UTC)] INFO Failed to receive keepalive! Exiting.
[Mon Oct 22 2012 18:27:11 GMT+0000 (UTC)] ERROR Application crashed with code: 1
[Mon Oct 22 2012 18:27:11 GMT+0000 (UTC)] INFO STATUS running -> starting
[Mon Oct 22 2012 18:27:11 GMT+0000 (UTC)] NOTICE Starting application on port 15418
[Mon Oct 22 2012 18:27:11 GMT+0000 (UTC)] INFO STATUS starting -> running
[Mon Oct 22 2012 18:27:20 GMT+0000 (UTC)] INFO Failed to receive keepalive! Exiting.
[Mon Oct 22 2012 18:27:20 GMT+0000 (UTC)] ERROR Application crashed with code: 1
[Mon Oct 22 2012 18:27:20 GMT+0000 (UTC)] INFO STATUS running -> starting
[Mon Oct 22 2012 18:27:20 GMT+0000 (UTC)] NOTICE Starting application on port 15418
[Mon Oct 22 2012 18:27:20 GMT+0000 (UTC)] INFO STATUS starting -> running
[Mon Oct 22 2012 18:27:29 GMT+0000 (UTC)] INFO Failed to receive keepalive! Exiting.
[Mon Oct 22 2012 18:27:29 GMT+0000 (UTC)] ERROR Application crashed with code: 1
[Mon Oct 22 2012 18:27:29 GMT+0000 (UTC)] INFO STATUS running -> waiting
[Mon Oct 22 2012 18:27:39 GMT+0000 (UTC)] NOTICE Starting application on port 15418
[Mon Oct 22 2012 18:27:39 GMT+0000 (UTC)] INFO STATUS waiting -> starting
[Mon Oct 22 2012 18:27:39 GMT+0000 (UTC)] INFO STATUS starting -> running
[Mon Oct 22 2012 18:27:48 GMT+0000 (UTC)] INFO Failed to receive keepalive! Exiting.
[Mon Oct 22 2012 18:27:48 GMT+0000 (UTC)] INFO STATUS running -> waiting
[Mon Oct 22 2012 18:27:48 GMT+0000 (UTC)] ERROR Application crashed with code: 1
[Mon Oct 22 2012 18:28:15 GMT+0000 (UTC)] INFO STATUS waiting -> starting
[Mon Oct 22 2012 18:28:15 GMT+0000 (UTC)] INFO STATUS starting -> running
[Mon Oct 22 2012 18:28:15 GMT+0000 (UTC)] NOTICE Starting application on port 15418
[Mon Oct 22 2012 18:28:24 GMT+0000 (UTC)] INFO Failed to receive keepalive! Exiting.
[Mon Oct 22 2012 18:28:24 GMT+0000 (UTC)] INFO STATUS running -> waiting
[Mon Oct 22 2012 18:28:24 GMT+0000 (UTC)] ERROR Application crashed with code: 1
[Mon Oct 22 2012 18:29:23 GMT+0000 (UTC)] INFO STATUS waiting -> starting
[Mon Oct 22 2012 18:29:23 GMT+0000 (UTC)] NOTICE Starting application on port 15418
[Mon Oct 22 2012 18:29:23 GMT+0000 (UTC)] INFO STATUS starting -> running
[Mon Oct 22 2012 18:29:24 GMT+0000 (UTC)] INFO Server start...6
[Mon Oct 22 2012 18:29:24 GMT+0000 (UTC)] INFO LISTENING
[Mon Oct 22 2012 18:33:08 GMT+0000 (UTC)] ERROR Application crashed with code: 1
[Mon Oct 22 2012 18:33:08 GMT+0000 (UTC)] NOTICE Starting application on port 15418
[Mon Oct 22 2012 18:33:08 GMT+0000 (UTC)] INFO STATUS running -> starting
[Mon Oct 22 2012 18:33:08 GMT+0000 (UTC)] INFO STATUS starting -> running
[Mon Oct 22 2012 18:33:08 GMT+0000 (UTC)] INFO Failed to receive keepalive! Exiting.
[Mon Oct 22 2012 18:33:17 GMT+0000 (UTC)] ERROR Application crashed with code: 1
[Mon Oct 22 2012 18:33:17 GMT+0000 (UTC)] NOTICE Starting application on port 15418
[Mon Oct 22 2012 18:33:17 GMT+0000 (UTC)] INFO STATUS running -> starting
[Mon Oct 22 2012 18:33:17 GMT+0000 (UTC)] INFO STATUS starting -> running
[Mon Oct 22 2012 18:33:17 GMT+0000 (UTC)] INFO Failed to receive keepalive! Exiting.
[Mon Oct 22 2012 18:33:26 GMT+0000 (UTC)] INFO Failed to receive keepalive! Exiting.
[Mon Oct 22 2012 18:33:26 GMT+0000 (UTC)] INFO STATUS running -> waiting
[Mon Oct 22 2012 18:33:26 GMT+0000 (UTC)] ERROR Application crashed with code: 1
[Mon Oct 22 2012 18:33:40 GMT+0000 (UTC)] NOTICE Starting application on port 15418
[Mon Oct 22 2012 18:33:40 GMT+0000 (UTC)] INFO STATUS waiting -> starting
[Mon Oct 22 2012 18:33:40 GMT+0000 (UTC)] INFO STATUS starting -> running
[Mon Oct 22 2012 18:33:49 GMT+0000 (UTC)] INFO Failed to receive keepalive! Exiting.
[Mon Oct 22 2012 18:33:49 GMT+0000 (UTC)] ERROR Application crashed with code: 1
[Mon Oct 22 2012 18:33:49 GMT+0000 (UTC)] INFO STATUS running -> waiting
[Mon Oct 22 2012 18:34:12 GMT+0000 (UTC)] NOTICE Starting application on port 15418
[Mon Oct 22 2012 18:34:12 GMT+0000 (UTC)] INFO STATUS waiting -> starting
[Mon Oct 22 2012 18:34:12 GMT+0000 (UTC)] INFO STATUS starting -> running
[Mon Oct 22 2012 18:34:21 GMT+0000 (UTC)] INFO Failed to receive keepalive! Exiting.
[Mon Oct 22 2012 18:34:21 GMT+0000 (UTC)] INFO STATUS running -> waiting
[Mon Oct 22 2012 18:34:21 GMT+0000 (UTC)] ERROR Application crashed with code: 1
[Mon Oct 22 2012 18:35:20 GMT+0000 (UTC)] NOTICE Starting application on port 15418
[Mon Oct 22 2012 18:35:20 GMT+0000 (UTC)] INFO STATUS waiting -> starting
[Mon Oct 22 2012 18:35:20 GMT+0000 (UTC)] INFO STATUS starting -> running
[Mon Oct 22 2012 18:35:20 GMT+0000 (UTC)] INFO Server start...7
[Mon Oct 22 2012 18:35:20 GMT+0000 (UTC)] INFO LISTENING
[Mon Oct 22 2012 19:08:59 GMT+0000 (UTC)] INFO STATUS killed -> sleeping
[Mon Oct 22 2012 19:08:59 GMT+0000 (UTC)] INFO STATUS running -> killed
[Mon Oct 22 2012 19:54:36 GMT+0000 (UTC)] INFO HIT / 190.193.45.193
[Mon Oct 22 2012 19:54:37 GMT+0000 (UTC)] NOTICE Starting application on port 15418
[Mon Oct 22 2012 19:54:37 GMT+0000 (UTC)] INFO STATUS null -> starting
[Mon Oct 22 2012 19:54:37 GMT+0000 (UTC)] INFO STATUS starting -> running
[Mon Oct 22 2012 19:54:37 GMT+0000 (UTC)] INFO Server start...8
[Mon Oct 22 2012 19:54:37 GMT+0000 (UTC)] INFO LISTENING
[Mon Oct 22 2012 19:54:41 GMT+0000 (UTC)] INFO HIT /a5dc599ceb051e10e2d242b5430529194c08b508.css 190.193.45.193
[Mon Oct 22 2012 19:54:41 GMT+0000 (UTC)] INFO HIT /5d794cfb151b5117fb001fb368491760ccd02b61.js 190.193.45.193
